2025-04-12 15:19:20,459 - INFO - Starting advanced scraping...
2025-04-12 15:19:20,497 - INFO - Headers setup completed successfully
2025-04-12 15:19:20,497 - INFO - Initializing Chrome driver...
2025-04-12 15:19:26,109 - INFO - patching driver executable C:\Users\Mosix\appdata\roaming\undetected_chromedriver\undetected_chromedriver.exe
2025-04-12 15:19:27,118 - INFO - Chrome driver initialized successfully
2025-04-12 15:19:27,118 - INFO - Fetching post links from https://magoosh.com/toefl/
2025-04-12 15:19:36,102 - ERROR - Error fetching links from https://magoosh.com/toefl/: Message: invalid session id: session deleted as the browser has closed the connection
from disconnected: not connected to DevTools
  (Session info: chrome=135.0.7049.85)
Stacktrace:
	GetHandleVerifier [0x010180E3+60707]
	GetHandleVerifier [0x01018124+60772]
	(No symbol) [0x00E40683]
	(No symbol) [0x00E2FED0]
	(No symbol) [0x00E4DD3F]
	(No symbol) [0x00EB3D7F]
	(No symbol) [0x00ECE129]
	(No symbol) [0x00EACE46]
	(No symbol) [0x00E7C5D3]
	(No symbol) [0x00E7D424]
	GetHandleVerifier [0x0125BBC3+2435075]
	GetHandleVerifier [0x01257163+2416035]
	GetHandleVerifier [0x0127350C+2531660]
	GetHandleVerifier [0x0102F1B5+155125]
	GetHandleVerifier [0x01035B5D+182173]
	GetHandleVerifier [0x0101F9B8+91640]
	GetHandleVerifier [0x0101FB60+92064]
	GetHandleVerifier [0x0100A620+4704]
	BaseThreadInitThunk [0x7506FCC9+25]
	RtlGetAppContainerNamedObjectPath [0x7721809E+286]
	RtlGetAppContainerNamedObjectPath [0x7721806E+238]

2025-04-12 15:19:36,109 - WARNING - No posts found. Check URL or HTML structure.
2025-04-12 15:19:36,163 - INFO - Chrome driver closed successfully
2025-04-12 15:19:36,163 - INFO - Session closed successfully
